🚀 开始打包 NotchNoti（带代码签名）...
📝 签名配置: Developer ID Application: QingChang Liu (5AMV7L9P34)
📦 清理旧文件...
🔨 构建 Release 版本...
Command line invocation:
    /Applications/Xcode.app/Contents/Developer/usr/bin/xcodebuild -scheme NotchNoti -configuration Release -derivedDataPath /Users/liuqingchang/Documents/GitHub/DynamicNotch/build/DerivedData PRODUCT_BUNDLE_IDENTIFIER=com.qingchang.notchnoti "CODE_SIGN_IDENTITY=Developer ID Application: QingChang Liu (5AMV7L9P34)" CODE_SIGNING_REQUIRED=YES CODE_SIGNING_ALLOWED=YES build

Build settings from command line:
    CODE_SIGN_IDENTITY = Developer ID Application: QingChang Liu (5AMV7L9P34)
    CODE_SIGNING_ALLOWED = YES
    CODE_SIGNING_REQUIRED = YES
    PRODUCT_BUNDLE_IDENTIFIER = com.qingchang.notchnoti

Resolve Package Graph

Fetching from https://github.com/Lakr233/SpringInterpolation.git (cached)

Fetching from https://github.com/Lakr233/ColorVector.git (cached)

Fetching from https://github.com/Lakr233/ColorfulX (cached)

Fetching from https://github.com/sindresorhus/LaunchAtLogin-Modern (cached)

Creating working copy of package ‘ColorVector’

Creating working copy of package ‘SpringInterpolation’

Creating working copy of package ‘ColorfulX’

Creating working copy of package ‘LaunchAtLogin-Modern’

Checking out 5.1.3 of package ‘ColorfulX’

Checking out 1.0.3 of package ‘ColorVector’

Checking out 1.1.2 of package ‘SpringInterpolation’

Checking out main (a04ec1c) of package ‘LaunchAtLogin-Modern’


Resolved source packages:
  SpringInterpolation: https://github.com/Lakr233/SpringInterpolation.git @ 1.1.2
  ColorVector: https://github.com/Lakr233/ColorVector.git @ 1.0.3
  LaunchAtLogin: https://github.com/sindresorhus/LaunchAtLogin-Modern @ main (a04ec1c)
  ColorfulX: https://github.com/Lakr233/ColorfulX @ 5.1.3

--- xcodebuild: WARNING: Using the first of multiple matching destinations:
{ platform:macOS, arch:arm64, id:00006031-000228193644001C, name:My Mac }
{ platform:macOS, arch:x86_64, id:00006031-000228193644001C, name:My Mac }
{ platform:macOS, name:Any Mac }
note: Using codesigning identity override: Developer ID Application: QingChang Liu (5AMV7L9P34)
ComputePackagePrebuildTargetDependencyGraph

Prepare packages

CreateBuildRequest

SendProjectDescription

CreateBuildOperation

ComputeTargetDependencyGraph
note: Building targets in dependency order
note: Target dependency graph (9 targets)
    Target 'NotchNoti' in project 'NotchNoti'
        ➜ Explicit dependency on target 'ColorfulX' in project 'ColorfulX'
        ➜ Explicit dependency on target 'LaunchAtLogin' in project 'LaunchAtLogin'
    Target 'LaunchAtLogin' in project 'LaunchAtLogin'
        ➜ Explicit dependency on target 'LaunchAtLogin' in project 'LaunchAtLogin'
    Target 'LaunchAtLogin' in project 'LaunchAtLogin' (no dependencies)
    Target 'ColorfulX' in project 'ColorfulX'
        ➜ Explicit dependency on target 'ColorfulX' in project 'ColorfulX'
        ➜ Explicit dependency on target 'ColorVector' in project 'ColorVector'
        ➜ Explicit dependency on target 'SpringInterpolation' in project 'SpringInterpolation'
    Target 'ColorfulX' in project 'ColorfulX'
        ➜ Explicit dependency on target 'ColorVector' in project 'ColorVector'
        ➜ Explicit dependency on target 'SpringInterpolation' in project 'SpringInterpolation'
    Target 'SpringInterpolation' in project 'SpringInterpolation'
        ➜ Explicit dependency on target 'SpringInterpolation' in project 'SpringInterpolation'
    Target 'SpringInterpolation' in project 'SpringInterpolation' (no dependencies)
    Target 'ColorVector' in project 'ColorVector'
        ➜ Explicit dependency on target 'ColorVector' in project 'ColorVector'
    Target 'ColorVector' in project 'ColorVector' (no dependencies)

GatherProvisioningInputs

CreateBuildDescription

ExecuteExternalTool /Applications/Xcode.app/Contents/Developer/Toolchains/XcodeDefault.xctoolchain/usr/bin/clang -v -E -dM -isysroot /Applications/Xcode.app/Contents/Developer/Platforms/MacOSX.platform/Developer/SDKs/MacOSX26.0.sdk -x c -c /dev/null

ExecuteExternalTool /Applications/Xcode.app/Contents/Developer/Toolchains/XcodeDefault.xctoolchain/usr/bin/swiftc --version

ExecuteExternalTool /Applications/Xcode.app/Contents/Developer/usr/bin/xcstringstool compile --dry-run --output-directory /Users/liuqingchang/Documents/GitHub/DynamicNotch/build/DerivedData/Build/Intermediates.noindex/NotchNoti.build/Release/NotchNoti.build /Users/liuqingchang/Documents/GitHub/DynamicNotch/NotchNoti/InfoPlist.xcstrings

ExecuteExternalTool /Applications/Xcode.app/Contents/Developer/usr/bin/actool --version --output-format xml1

ExecuteExternalTool /Applications/Xcode.app/Contents/Developer/usr/bin/xcstringstool compile --dry-run --output-directory /Users/liuqingchang/Documents/GitHub/DynamicNotch/build/DerivedData/Build/Intermediates.noindex/NotchNoti.build/Release/NotchNoti.build /Users/liuqingchang/Documents/GitHub/DynamicNotch/NotchNoti/Localizable.xcstrings

ExecuteExternalTool /Applications/Xcode.app/Contents/Developer/Toolchains/XcodeDefault.xctoolchain/usr/bin/ld -version_details

Build description signature: 0e6dee8e641475e54174fc680c22cc55
Build description path: /Users/liuqingchang/Documents/GitHub/DynamicNotch/build/DerivedData/Build/Intermediates.noindex/XCBuildData/0e6dee8e641475e54174fc680c22cc55.xcbuilddata
/Users/liuqingchang/Documents/GitHub/DynamicNotch/build/DerivedData/SourcePackages/checkouts/ColorfulX/Package.swift: error: Signing for "ColorfulX" requires a development team. Select a development team in the Signing & Capabilities editor. (in target 'ColorfulX' from project 'ColorfulX')
/Users/liuqingchang/Documents/GitHub/DynamicNotch/build/DerivedData/SourcePackages/checkouts/ColorVector/Package@swift-5.9.swift: error: Signing for "ColorVector" requires a development team. Select a development team in the Signing & Capabilities editor. (in target 'ColorVector' from project 'ColorVector')
/Users/liuqingchang/Documents/GitHub/DynamicNotch/build/DerivedData/SourcePackages/checkouts/SpringInterpolation/Package@swift-5.9.swift: error: Signing for "SpringInterpolation" requires a development team. Select a development team in the Signing & Capabilities editor. (in target 'SpringInterpolation' from project 'SpringInterpolation')
/Users/liuqingchang/Documents/GitHub/DynamicNotch/NotchNoti.xcodeproj: error: NotchNoti has conflicting provisioning settings. NotchNoti is automatically signed, but code signing identity Developer ID Application: QingChang Liu (5AMV7L9P34) has been manually specified. Set the code signing identity value to "Apple Development" in the build settings editor, or switch to manual signing in the Signing & Capabilities editor. (in target 'NotchNoti' from project 'NotchNoti')
/Users/liuqingchang/Documents/GitHub/DynamicNotch/build/DerivedData/SourcePackages/checkouts/LaunchAtLogin-Modern/Package.swift: error: Signing for "LaunchAtLogin" requires a development team. Select a development team in the Signing & Capabilities editor. (in target 'LaunchAtLogin' from project 'LaunchAtLogin')
** BUILD FAILED **


The following build commands failed:
	Building project NotchNoti with scheme NotchNoti and configuration Release
(1 failure)
